<?xml version="1.0" encoding="UTF-8"?>
<testng-results total="11" passed="8" failed="3" skipped="0">
  <reporter-output>
  </reporter-output>
  <suite started-at="2023-05-23T22:17:44Z" name="Command line suite" finished-at="2023-05-23T22:27:23Z" duration-ms="579094">
    <groups>
    </groups>
    <test started-at="2023-05-23T22:17:44Z" name="Command line test" finished-at="2023-05-23T22:27:23Z" duration-ms="579094">
      <class name="test.com.ascension.SpecialtyCareTest">
        <test-method is-config="true" signature="setUpClass()[pri:0, instance:test.com.ascension.SpecialtyCareTest@3dfc5fb8]" started-at="2023-05-23T17:24:12Z" name="setUpClass" finished-at="2023-05-23T17:24:12Z" duration-ms="666" status="PASS">
          <reporter-output>
          </reporter-output>
        </test-method> <!-- setUpClass -->
        <test-method signature="testSpecialtyCare()[pri:0, instance:test.com.ascension.SpecialtyCareTest@3dfc5fb8]" started-at="2023-05-23T17:24:12Z" name="testSpecialtyCare" finished-at="2023-05-23T17:25:07Z" duration-ms="54607" status="PASS">
          <reporter-output>
          </reporter-output>
        </test-method> <!-- testSpecialtyCare -->
        <test-method is-config="true" signature="setUpMethod()[pri:0, instance:test.com.ascension.SpecialtyCareTest@3dfc5fb8]" started-at="2023-05-23T17:24:12Z" name="setUpMethod" finished-at="2023-05-23T17:24:12Z" duration-ms="0" status="PASS">
          <reporter-output>
          </reporter-output>
        </test-method> <!-- setUpMethod -->
        <test-method is-config="true" signature="tearDownClass()[pri:0, instance:test.com.ascension.SpecialtyCareTest@3dfc5fb8]" started-at="2023-05-23T17:25:07Z" name="tearDownClass" finished-at="2023-05-23T17:25:07Z" duration-ms="0" status="PASS">
          <reporter-output>
          </reporter-output>
        </test-method> <!-- tearDownClass -->
        <test-method is-config="true" signature="tearDownMethod()[pri:0, instance:test.com.ascension.SpecialtyCareTest@3dfc5fb8]" started-at="2023-05-23T17:25:07Z" name="tearDownMethod" finished-at="2023-05-23T17:25:07Z" duration-ms="0" status="PASS">
          <reporter-output>
          </reporter-output>
        </test-method> <!-- tearDownMethod -->
      </class> <!-- test.com.ascension.SpecialtyCareTest -->
      <class name="test.com.ascension.FindALocationTest">
        <test-method is-config="true" signature="setUpClass()[pri:0, instance:test.com.ascension.FindALocationTest@7e2d773b]" started-at="2023-05-23T17:25:07Z" name="setUpClass" finished-at="2023-05-23T17:25:08Z" duration-ms="641" status="PASS">
          <reporter-output>
          </reporter-output>
        </test-method> <!-- setUpClass -->
        <test-method signature="testfindaLocation()[pri:0, instance:test.com.ascension.FindALocationTest@7e2d773b]" started-at="2023-05-23T17:25:08Z" name="testfindaLocation" finished-at="2023-05-23T17:25:59Z" duration-ms="51274" status="FAIL">
          <exception class="org.openqa.selenium.NoSuchElementException">
            <message>
              <![CDATA[no such element: Unable to locate element: {"method":"xpath","selector":"//*[@id="locationsSearchContainer"]/div/div[2]/div[2]/div[2]/div[3]/ol/li[4]/div/div/div[2]/h2/a"}
  (Session info: headless chrome=113.0.5672.126)
For documentation on this error, please visit: https://www.seleniumhq.org/exceptions/no_such_element.html
Build info: version: '3.141.59', revision: 'e82be7d358', time: '2018-11-14T08:17:03'
System info: host: 'Halleluyas-MacBook-Pro.local', ip: '2601:246:5900:8270:0:0:0:10f5%en0', os.name: 'Mac OS X', os.arch: 'aarch64', os.version: '13.3.1', java.version: '19.0.2'
Driver info: org.openqa.selenium.chrome.ChromeDriver
Capabilities {acceptInsecureCerts: false, browserName: chrome, browserVersion: 113.0.5672.126, chrome: {chromedriverVersion: 113.0.5672.63 (0e1a4471d5ae..., userDataDir: /var/folders/qd/9k8sr40n2mq...}, goog:chromeOptions: {debuggerAddress: localhost:56418}, javascriptEnabled: true, networkConnectionEnabled: false, pageLoadStrategy: normal, platform: MAC, platformName: MAC, proxy: Proxy(), setWindowRect: true, strictFileInteractability: false, timeouts: {implicit: 0, pageLoad: 300000, script: 30000}, unhandledPromptBehavior: dismiss and notify, webauthn:extension:credBlob: true, webauthn:extension:largeBlob: true, webauthn:extension:minPinLength: true, webauthn:extension:prf: true, webauthn:virtualAuthenticators: true}
Session ID: 7b75493fa585dfec7ea2e3e0fea5eca5
*** Element info: {Using=xpath, value=//*[@id="locationsSearchContainer"]/div/div[2]/div[2]/div[2]/div[3]/ol/li[4]/div/div/div[2]/h2/a}]]>
            </message>
            <full-stacktrace>
              <![CDATA[org.openqa.selenium.NoSuchElementException: no such element: Unable to locate element: {"method":"xpath","selector":"//*[@id="locationsSearchContainer"]/div/div[2]/div[2]/div[2]/div[3]/ol/li[4]/div/div/div[2]/h2/a"}
  (Session info: headless chrome=113.0.5672.126)
For documentation on this error, please visit: https://www.seleniumhq.org/exceptions/no_such_element.html
Build info: version: '3.141.59', revision: 'e82be7d358', time: '2018-11-14T08:17:03'
System info: host: 'Halleluyas-MacBook-Pro.local', ip: '2601:246:5900:8270:0:0:0:10f5%en0', os.name: 'Mac OS X', os.arch: 'aarch64', os.version: '13.3.1', java.version: '19.0.2'
Driver info: org.openqa.selenium.chrome.ChromeDriver
Capabilities {acceptInsecureCerts: false, browserName: chrome, browserVersion: 113.0.5672.126, chrome: {chromedriverVersion: 113.0.5672.63 (0e1a4471d5ae..., userDataDir: /var/folders/qd/9k8sr40n2mq...}, goog:chromeOptions: {debuggerAddress: localhost:56418}, javascriptEnabled: true, networkConnectionEnabled: false, pageLoadStrategy: normal, platform: MAC, platformName: MAC, proxy: Proxy(), setWindowRect: true, strictFileInteractability: false, timeouts: {implicit: 0, pageLoad: 300000, script: 30000}, unhandledPromptBehavior: dismiss and notify, webauthn:extension:credBlob: true, webauthn:extension:largeBlob: true, webauthn:extension:minPinLength: true, webauthn:extension:prf: true, webauthn:virtualAuthenticators: true}
Session ID: 7b75493fa585dfec7ea2e3e0fea5eca5
*** Element info: {Using=xpath, value=//*[@id="locationsSearchContainer"]/div/div[2]/div[2]/div[2]/div[3]/ol/li[4]/div/div/div[2]/h2/a}
	at java.base/jdk.internal.reflect.DirectConstructorHandleAccessor.newInstance(DirectConstructorHandleAccessor.java:67)
	at java.base/java.lang.reflect.Constructor.newInstanceWithCaller(Constructor.java:500)
	at java.base/java.lang.reflect.Constructor.newInstance(Constructor.java:484)
	at org.openqa.selenium.remote.http.W3CHttpResponseCodec.createException(W3CHttpResponseCodec.java:187)
	at org.openqa.selenium.remote.http.W3CHttpResponseCodec.decode(W3CHttpResponseCodec.java:122)
	at org.openqa.selenium.remote.http.W3CHttpResponseCodec.decode(W3CHttpResponseCodec.java:49)
	at org.openqa.selenium.remote.HttpCommandExecutor.execute(HttpCommandExecutor.java:158)
	at org.openqa.selenium.remote.service.DriverCommandExecutor.execute(DriverCommandExecutor.java:83)
	at org.openqa.selenium.remote.RemoteWebDriver.execute(RemoteWebDriver.java:552)
	at org.openqa.selenium.remote.RemoteWebDriver.findElement(RemoteWebDriver.java:323)
	at org.openqa.selenium.remote.RemoteWebDriver.findElementByXPath(RemoteWebDriver.java:428)
	at org.openqa.selenium.By$ByXPath.findElement(By.java:353)
	at org.openqa.selenium.remote.RemoteWebDriver.findElement(RemoteWebDriver.java:315)
	at test.com.ascension.FindALocationTest.testfindaLocation(FindALocationTest.java:85)
	at java.base/jdk.internal.reflect.DirectMethodHandleAccessor.invoke(DirectMethodHandleAccessor.java:104)
	at java.base/java.lang.reflect.Method.invoke(Method.java:578)
	at org.testng.internal.MethodInvocationHelper.invokeMethod(MethodInvocationHelper.java:84)
	at org.testng.internal.Invoker.invokeMethod(Invoker.java:714)
	at org.testng.internal.Invoker.invokeTestMethod(Invoker.java:901)
	at org.testng.internal.Invoker.invokeTestMethods(Invoker.java:1231)
	at org.testng.internal.TestMethodWorker.invokeTestMethods(TestMethodWorker.java:127)
	at org.testng.internal.TestMethodWorker.run(TestMethodWorker.java:111)
	at org.testng.TestRunner.privateRun(TestRunner.java:767)
	at org.testng.TestRunner.run(TestRunner.java:617)
	at org.testng.SuiteRunner.runTest(SuiteRunner.java:334)
	at org.testng.SuiteRunner.runSequentially(SuiteRunner.java:329)
	at org.testng.SuiteRunner.privateRun(SuiteRunner.java:291)
	at org.testng.SuiteRunner.run(SuiteRunner.java:240)
	at org.testng.SuiteRunnerWorker.runSuite(SuiteRunnerWorker.java:52)
	at org.testng.SuiteRunnerWorker.run(SuiteRunnerWorker.java:86)
	at org.testng.TestNG.runSuitesSequentially(TestNG.java:1224)
	at org.testng.TestNG.runSuitesLocally(TestNG.java:1149)
	at org.testng.TestNG.run(TestNG.java:1057)
	at org.apache.maven.surefire.testng.TestNGExecutor.run(TestNGExecutor.java:77)
	at org.apache.maven.surefire.testng.TestNGDirectoryTestSuite.executeMulti(TestNGDirectoryTestSuite.java:159)
	at org.apache.maven.surefire.testng.TestNGDirectoryTestSuite.execute(TestNGDirectoryTestSuite.java:99)
	at org.apache.maven.surefire.testng.TestNGProvider.invoke(TestNGProvider.java:106)
	at java.base/jdk.internal.reflect.DirectMethodHandleAccessor.invoke(DirectMethodHandleAccessor.java:104)
	at java.base/java.lang.reflect.Method.invoke(Method.java:578)
	at org.apache.maven.surefire.util.ReflectionUtils.invokeMethodWithArray(ReflectionUtils.java:189)
	at org.apache.maven.surefire.booter.ProviderFactory$ProviderProxy.invoke(ProviderFactory.java:165)
	at org.apache.maven.surefire.booter.ProviderFactory.invokeProvider(ProviderFactory.java:85)
	at org.apache.maven.surefire.booter.ForkedBooter.runSuitesInProcess(ForkedBooter.java:115)
	at org.apache.maven.surefire.booter.ForkedBooter.main(ForkedBooter.java:75)
]]>
            </full-stacktrace>
          </exception> <!-- org.openqa.selenium.NoSuchElementException -->
          <reporter-output>
          </reporter-output>
        </test-method> <!-- testfindaLocation -->
        <test-method is-config="true" signature="setUpMethod()[pri:0, instance:test.com.ascension.FindALocationTest@7e2d773b]" started-at="2023-05-23T17:25:08Z" name="setUpMethod" finished-at="2023-05-23T17:25:08Z" duration-ms="0" status="PASS">
          <reporter-output>
          </reporter-output>
        </test-method> <!-- setUpMethod -->
        <test-method is-config="true" signature="tearDownClass()[pri:0, instance:test.com.ascension.FindALocationTest@7e2d773b]" started-at="2023-05-23T17:25:59Z" name="tearDownClass" finished-at="2023-05-23T17:25:59Z" duration-ms="84" status="PASS">
          <reporter-output>
          </reporter-output>
        </test-method> <!-- tearDownClass -->
        <test-method is-config="true" signature="tearDownMethod()[pri:0, instance:test.com.ascension.FindALocationTest@7e2d773b]" started-at="2023-05-23T17:25:59Z" name="tearDownMethod" finished-at="2023-05-23T17:25:59Z" duration-ms="0" status="PASS">
          <reporter-output>
          </reporter-output>
        </test-method> <!-- tearDownMethod -->
      </class> <!-- test.com.ascension.FindALocationTest -->
      <class name="test.com.ascension.PriceTransparencyNoInsTest">
        <test-method is-config="true" signature="setUpClass()[pri:0, instance:test.com.ascension.PriceTransparencyNoInsTest@467aecef]" started-at="2023-05-23T17:25:59Z" name="setUpClass" finished-at="2023-05-23T17:26:00Z" duration-ms="647" status="PASS">
          <reporter-output>
          </reporter-output>
        </test-method> <!-- setUpClass -->
        <test-method signature="testAscensionHomepage()[pri:0, instance:test.com.ascension.PriceTransparencyNoInsTest@467aecef]" started-at="2023-05-23T17:26:00Z" name="testAscensionHomepage" finished-at="2023-05-23T17:26:16Z" duration-ms="16035" status="PASS">
          <reporter-output>
          </reporter-output>
        </test-method> <!-- testAscensionHomepage -->
        <test-method is-config="true" signature="setUpMethod()[pri:0, instance:test.com.ascension.PriceTransparencyNoInsTest@467aecef]" started-at="2023-05-23T17:26:00Z" name="setUpMethod" finished-at="2023-05-23T17:26:00Z" duration-ms="0" status="PASS">
          <reporter-output>
          </reporter-output>
        </test-method> <!-- setUpMethod -->
        <test-method signature="testPriceTransparencyPage()[pri:0, instance:test.com.ascension.PriceTransparencyNoInsTest@467aecef]" started-at="2023-05-23T17:26:16Z" name="testPriceTransparencyPage" finished-at="2023-05-23T17:26:27Z" duration-ms="11102" status="PASS">
          <reporter-output>
          </reporter-output>
        </test-method> <!-- testPriceTransparencyPage -->
        <test-method is-config="true" signature="setUpMethod()[pri:0, instance:test.com.ascension.PriceTransparencyNoInsTest@467aecef]" started-at="2023-05-23T17:26:16Z" name="setUpMethod" finished-at="2023-05-23T17:26:16Z" duration-ms="0" status="PASS">
          <reporter-output>
          </reporter-output>
        </test-method> <!-- setUpMethod -->
        <test-method is-config="true" signature="tearDownMethod()[pri:0, instance:test.com.ascension.PriceTransparencyNoInsTest@467aecef]" started-at="2023-05-23T17:26:16Z" name="tearDownMethod" finished-at="2023-05-23T17:26:16Z" duration-ms="0" status="PASS">
          <reporter-output>
          </reporter-output>
        </test-method> <!-- tearDownMethod -->
        <test-method signature="testPriceEstimatorPage()[pri:0, instance:test.com.ascension.PriceTransparencyNoInsTest@467aecef]" started-at="2023-05-23T17:26:27Z" name="testPriceEstimatorPage" finished-at="2023-05-23T17:26:37Z" duration-ms="9720" status="PASS">
          <reporter-output>
          </reporter-output>
        </test-method> <!-- testPriceEstimatorPage -->
        <test-method is-config="true" signature="tearDownMethod()[pri:0, instance:test.com.ascension.PriceTransparencyNoInsTest@467aecef]" started-at="2023-05-23T17:26:27Z" name="tearDownMethod" finished-at="2023-05-23T17:26:27Z" duration-ms="0" status="PASS">
          <reporter-output>
          </reporter-output>
        </test-method> <!-- tearDownMethod -->
        <test-method is-config="true" signature="setUpMethod()[pri:0, instance:test.com.ascension.PriceTransparencyNoInsTest@467aecef]" started-at="2023-05-23T17:26:27Z" name="setUpMethod" finished-at="2023-05-23T17:26:27Z" duration-ms="0" status="PASS">
          <reporter-output>
          </reporter-output>
        </test-method> <!-- setUpMethod -->
        <test-method signature="testPriceEstimator()[pri:0, instance:test.com.ascension.PriceTransparencyNoInsTest@467aecef]" started-at="2023-05-23T17:26:37Z" name="testPriceEstimator" finished-at="2023-05-23T17:27:23Z" duration-ms="46760" status="PASS">
          <reporter-output>
          </reporter-output>
        </test-method> <!-- testPriceEstimator -->
        <test-method is-config="true" signature="tearDownMethod()[pri:0, instance:test.com.ascension.PriceTransparencyNoInsTest@467aecef]" started-at="2023-05-23T17:26:37Z" name="tearDownMethod" finished-at="2023-05-23T17:26:37Z" duration-ms="0" status="PASS">
          <reporter-output>
          </reporter-output>
        </test-method> <!-- tearDownMethod -->
        <test-method is-config="true" signature="setUpMethod()[pri:0, instance:test.com.ascension.PriceTransparencyNoInsTest@467aecef]" started-at="2023-05-23T17:26:37Z" name="setUpMethod" finished-at="2023-05-23T17:26:37Z" duration-ms="0" status="PASS">
          <reporter-output>
          </reporter-output>
        </test-method> <!-- setUpMethod -->
        <test-method is-config="true" signature="tearDownMethod()[pri:0, instance:test.com.ascension.PriceTransparencyNoInsTest@467aecef]" started-at="2023-05-23T17:27:23Z" name="tearDownMethod" finished-at="2023-05-23T17:27:23Z" duration-ms="0" status="PASS">
          <reporter-output>
          </reporter-output>
        </test-method> <!-- tearDownMethod -->
        <test-method is-config="true" signature="tearDownClass()[pri:0, instance:test.com.ascension.PriceTransparencyNoInsTest@467aecef]" started-at="2023-05-23T17:27:23Z" name="tearDownClass" finished-at="2023-05-23T17:27:23Z" duration-ms="89" status="PASS">
          <reporter-output>
          </reporter-output>
        </test-method> <!-- tearDownClass -->
      </class> <!-- test.com.ascension.PriceTransparencyNoInsTest -->
      <class name="test.com.ascension.CareerTest">
        <test-method is-config="true" signature="setUpClass()[pri:0, instance:test.com.ascension.CareerTest@7a1ebcd8]" started-at="2023-05-23T17:18:43Z" name="setUpClass" finished-at="2023-05-23T17:18:43Z" duration-ms="669" status="PASS">
          <reporter-output>
          </reporter-output>
        </test-method> <!-- setUpClass -->
        <test-method signature="testCareers()[pri:0, instance:test.com.ascension.CareerTest@7a1ebcd8]" started-at="2023-05-23T17:18:43Z" name="testCareers" finished-at="2023-05-23T17:21:09Z" duration-ms="145464" status="PASS">
          <reporter-output>
          </reporter-output>
        </test-method> <!-- testCareers -->
        <test-method is-config="true" signature="setUpMethod()[pri:0, instance:test.com.ascension.CareerTest@7a1ebcd8]" started-at="2023-05-23T17:18:43Z" name="setUpMethod" finished-at="2023-05-23T17:18:43Z" duration-ms="0" status="PASS">
          <reporter-output>
          </reporter-output>
        </test-method> <!-- setUpMethod -->
        <test-method is-config="true" signature="tearDownMethod()[pri:0, instance:test.com.ascension.CareerTest@7a1ebcd8]" started-at="2023-05-23T17:21:09Z" name="tearDownMethod" finished-at="2023-05-23T17:21:09Z" duration-ms="0" status="PASS">
          <reporter-output>
          </reporter-output>
        </test-method> <!-- tearDownMethod -->
        <test-method is-config="true" signature="tearDownClass()[pri:0, instance:test.com.ascension.CareerTest@7a1ebcd8]" started-at="2023-05-23T17:21:09Z" name="tearDownClass" finished-at="2023-05-23T17:21:09Z" duration-ms="92" status="PASS">
          <reporter-output>
          </reporter-output>
        </test-method> <!-- tearDownClass -->
      </class> <!-- test.com.ascension.CareerTest -->
      <class name="test.com.ascension.BillPayTest">
        <test-method is-config="true" signature="setUpClass()[pri:0, instance:test.com.ascension.BillPayTest@2173f6d9]" started-at="2023-05-23T17:17:44Z" name="setUpClass" finished-at="2023-05-23T17:17:46Z" duration-ms="1583" status="PASS">
          <reporter-output>
          </reporter-output>
        </test-method> <!-- setUpClass -->
        <test-method is-config="true" signature="setUpMethod()[pri:0, instance:test.com.ascension.BillPayTest@2173f6d9]" started-at="2023-05-23T17:17:46Z" name="setUpMethod" finished-at="2023-05-23T17:17:46Z" duration-ms="1" status="PASS">
          <reporter-output>
          </reporter-output>
        </test-method> <!-- setUpMethod -->
        <test-method signature="testBillPay()[pri:0, instance:test.com.ascension.BillPayTest@2173f6d9]" started-at="2023-05-23T17:17:46Z" name="testBillPay" finished-at="2023-05-23T17:18:43Z" duration-ms="56633" status="PASS">
          <reporter-output>
          </reporter-output>
        </test-method> <!-- testBillPay -->
        <test-method is-config="true" signature="tearDownClass()[pri:0, instance:test.com.ascension.BillPayTest@2173f6d9]" started-at="2023-05-23T17:18:43Z" name="tearDownClass" finished-at="2023-05-23T17:18:43Z" duration-ms="82" status="PASS">
          <reporter-output>
          </reporter-output>
        </test-method> <!-- tearDownClass -->
        <test-method is-config="true" signature="tearDownMethod()[pri:0, instance:test.com.ascension.BillPayTest@2173f6d9]" started-at="2023-05-23T17:18:43Z" name="tearDownMethod" finished-at="2023-05-23T17:18:43Z" duration-ms="0" status="PASS">
          <reporter-output>
          </reporter-output>
        </test-method> <!-- tearDownMethod -->
      </class> <!-- test.com.ascension.BillPayTest -->
      <class name="test.com.ascension.pageobject.PriceTransparencyPOTest">
        <test-method is-config="true" signature="setUpClass()[pri:0, instance:test.com.ascension.pageobject.PriceTransparencyPOTest@3cb1ffe6]" started-at="2023-05-23T17:23:41Z" name="setUpClass" finished-at="2023-05-23T17:23:46Z" duration-ms="4827" status="PASS">
          <reporter-output>
          </reporter-output>
        </test-method> <!-- setUpClass -->
        <test-method is-config="true" signature="setUpMethod()[pri:0, instance:test.com.ascension.pageobject.PriceTransparencyPOTest@3cb1ffe6]" started-at="2023-05-23T17:23:46Z" name="setUpMethod" finished-at="2023-05-23T17:23:46Z" duration-ms="0" status="PASS">
          <reporter-output>
          </reporter-output>
        </test-method> <!-- setUpMethod -->
        <test-method signature="executePriceTransparencyPOModule()[pri:0, instance:test.com.ascension.pageobject.PriceTransparencyPOTest@3cb1ffe6]" started-at="2023-05-23T17:23:46Z" name="executePriceTransparencyPOModule" finished-at="2023-05-23T17:24:12Z" duration-ms="25953" status="FAIL">
          <exception class="org.openqa.selenium.StaleElementReferenceException">
            <message>
              <![CDATA[stale element reference: stale element not found
  (Session info: chrome=113.0.5672.126)
For documentation on this error, please visit: https://www.seleniumhq.org/exceptions/stale_element_reference.html
Build info: version: '3.141.59', revision: 'e82be7d358', time: '2018-11-14T08:17:03'
System info: host: 'Halleluyas-MacBook-Pro.local', ip: '2601:246:5900:8270:0:0:0:10f5%en0', os.name: 'Mac OS X', os.arch: 'aarch64', os.version: '13.3.1', java.version: '19.0.2'
Driver info: org.openqa.selenium.chrome.ChromeDriver
Capabilities {acceptInsecureCerts: false, browserName: chrome, browserVersion: 113.0.5672.126, chrome: {chromedriverVersion: 113.0.5672.63 (0e1a4471d5ae..., userDataDir: /var/folders/qd/9k8sr40n2mq...}, goog:chromeOptions: {debuggerAddress: localhost:56216}, javascriptEnabled: true, networkConnectionEnabled: false, pageLoadStrategy: normal, platform: MAC, platformName: MAC, proxy: Proxy(), setWindowRect: true, strictFileInteractability: false, timeouts: {implicit: 0, pageLoad: 300000, script: 30000}, unhandledPromptBehavior: dismiss and notify, webauthn:extension:credBlob: true, webauthn:extension:largeBlob: true, webauthn:extension:minPinLength: true, webauthn:extension:prf: true, webauthn:virtualAuthenticators: true}
Session ID: d51dd9fa59403ac677fb557e9a60a946]]>
            </message>
            <full-stacktrace>
              <![CDATA[org.openqa.selenium.StaleElementReferenceException: stale element reference: stale element not found
  (Session info: chrome=113.0.5672.126)
For documentation on this error, please visit: https://www.seleniumhq.org/exceptions/stale_element_reference.html
Build info: version: '3.141.59', revision: 'e82be7d358', time: '2018-11-14T08:17:03'
System info: host: 'Halleluyas-MacBook-Pro.local', ip: '2601:246:5900:8270:0:0:0:10f5%en0', os.name: 'Mac OS X', os.arch: 'aarch64', os.version: '13.3.1', java.version: '19.0.2'
Driver info: org.openqa.selenium.chrome.ChromeDriver
Capabilities {acceptInsecureCerts: false, browserName: chrome, browserVersion: 113.0.5672.126, chrome: {chromedriverVersion: 113.0.5672.63 (0e1a4471d5ae..., userDataDir: /var/folders/qd/9k8sr40n2mq...}, goog:chromeOptions: {debuggerAddress: localhost:56216}, javascriptEnabled: true, networkConnectionEnabled: false, pageLoadStrategy: normal, platform: MAC, platformName: MAC, proxy: Proxy(), setWindowRect: true, strictFileInteractability: false, timeouts: {implicit: 0, pageLoad: 300000, script: 30000}, unhandledPromptBehavior: dismiss and notify, webauthn:extension:credBlob: true, webauthn:extension:largeBlob: true, webauthn:extension:minPinLength: true, webauthn:extension:prf: true, webauthn:virtualAuthenticators: true}
Session ID: d51dd9fa59403ac677fb557e9a60a946
	at java.base/jdk.internal.reflect.DirectConstructorHandleAccessor.newInstance(DirectConstructorHandleAccessor.java:67)
	at java.base/java.lang.reflect.Constructor.newInstanceWithCaller(Constructor.java:500)
	at java.base/java.lang.reflect.Constructor.newInstance(Constructor.java:484)
	at org.openqa.selenium.remote.http.W3CHttpResponseCodec.createException(W3CHttpResponseCodec.java:187)
	at org.openqa.selenium.remote.http.W3CHttpResponseCodec.decode(W3CHttpResponseCodec.java:122)
	at org.openqa.selenium.remote.http.W3CHttpResponseCodec.decode(W3CHttpResponseCodec.java:49)
	at org.openqa.selenium.remote.HttpCommandExecutor.execute(HttpCommandExecutor.java:158)
	at org.openqa.selenium.remote.service.DriverCommandExecutor.execute(DriverCommandExecutor.java:83)
	at org.openqa.selenium.remote.RemoteWebDriver.execute(RemoteWebDriver.java:552)
	at org.openqa.selenium.remote.RemoteWebElement.execute(RemoteWebElement.java:285)
	at org.openqa.selenium.remote.RemoteWebElement.isDisplayed(RemoteWebElement.java:326)
	at java.base/jdk.internal.reflect.DirectMethodHandleAccessor.invoke(DirectMethodHandleAccessor.java:104)
	at java.base/java.lang.reflect.Method.invoke(Method.java:578)
	at org.openqa.selenium.support.pagefactory.internal.LocatingElementHandler.invoke(LocatingElementHandler.java:51)
	at jdk.proxy2/jdk.proxy2.$Proxy12.isDisplayed(Unknown Source)
	at org.openqa.selenium.support.ui.ExpectedConditions.elementIfVisible(ExpectedConditions.java:314)
	at org.openqa.selenium.support.ui.ExpectedConditions.access$000(ExpectedConditions.java:43)
	at org.openqa.selenium.support.ui.ExpectedConditions$10.apply(ExpectedConditions.java:300)
	at org.openqa.selenium.support.ui.ExpectedConditions$10.apply(ExpectedConditions.java:297)
	at org.openqa.selenium.support.ui.ExpectedConditions$23.apply(ExpectedConditions.java:670)
	at org.openqa.selenium.support.ui.ExpectedConditions$23.apply(ExpectedConditions.java:666)
	at org.openqa.selenium.support.ui.FluentWait.until(FluentWait.java:249)
	at test.com.ascension.pageobject.PriceTransparencyNoInsPO.priceTransparencyNoIns(PriceTransparencyNoInsPO.java:61)
	at test.com.ascension.pageobject.PriceTransparencyPOTest.executePriceTransparencyPOModule(PriceTransparencyPOTest.java:63)
	at java.base/jdk.internal.reflect.DirectMethodHandleAccessor.invoke(DirectMethodHandleAccessor.java:104)
	at java.base/java.lang.reflect.Method.invoke(Method.java:578)
	at org.testng.internal.MethodInvocationHelper.invokeMethod(MethodInvocationHelper.java:84)
	at org.testng.internal.Invoker.invokeMethod(Invoker.java:714)
	at org.testng.internal.Invoker.invokeTestMethod(Invoker.java:901)
	at org.testng.internal.Invoker.invokeTestMethods(Invoker.java:1231)
	at org.testng.internal.TestMethodWorker.invokeTestMethods(TestMethodWorker.java:127)
	at org.testng.internal.TestMethodWorker.run(TestMethodWorker.java:111)
	at org.testng.TestRunner.privateRun(TestRunner.java:767)
	at org.testng.TestRunner.run(TestRunner.java:617)
	at org.testng.SuiteRunner.runTest(SuiteRunner.java:334)
	at org.testng.SuiteRunner.runSequentially(SuiteRunner.java:329)
	at org.testng.SuiteRunner.privateRun(SuiteRunner.java:291)
	at org.testng.SuiteRunner.run(SuiteRunner.java:240)
	at org.testng.SuiteRunnerWorker.runSuite(SuiteRunnerWorker.java:52)
	at org.testng.SuiteRunnerWorker.run(SuiteRunnerWorker.java:86)
	at org.testng.TestNG.runSuitesSequentially(TestNG.java:1224)
	at org.testng.TestNG.runSuitesLocally(TestNG.java:1149)
	at org.testng.TestNG.run(TestNG.java:1057)
	at org.apache.maven.surefire.testng.TestNGExecutor.run(TestNGExecutor.java:77)
	at org.apache.maven.surefire.testng.TestNGDirectoryTestSuite.executeMulti(TestNGDirectoryTestSuite.java:159)
	at org.apache.maven.surefire.testng.TestNGDirectoryTestSuite.execute(TestNGDirectoryTestSuite.java:99)
	at org.apache.maven.surefire.testng.TestNGProvider.invoke(TestNGProvider.java:106)
	at java.base/jdk.internal.reflect.DirectMethodHandleAccessor.invoke(DirectMethodHandleAccessor.java:104)
	at java.base/java.lang.reflect.Method.invoke(Method.java:578)
	at org.apache.maven.surefire.util.ReflectionUtils.invokeMethodWithArray(ReflectionUtils.java:189)
	at org.apache.maven.surefire.booter.ProviderFactory$ProviderProxy.invoke(ProviderFactory.java:165)
	at org.apache.maven.surefire.booter.ProviderFactory.invokeProvider(ProviderFactory.java:85)
	at org.apache.maven.surefire.booter.ForkedBooter.runSuitesInProcess(ForkedBooter.java:115)
	at org.apache.maven.surefire.booter.ForkedBooter.main(ForkedBooter.java:75)
]]>
            </full-stacktrace>
          </exception> <!-- org.openqa.selenium.StaleElementReferenceException -->
          <reporter-output>
          </reporter-output>
        </test-method> <!-- executePriceTransparencyPOModule -->
        <test-method is-config="true" signature="tearDownMethod()[pri:0, instance:test.com.ascension.pageobject.PriceTransparencyPOTest@3cb1ffe6]" started-at="2023-05-23T17:24:12Z" name="tearDownMethod" finished-at="2023-05-23T17:24:12Z" duration-ms="0" status="PASS">
          <reporter-output>
          </reporter-output>
        </test-method> <!-- tearDownMethod -->
        <test-method is-config="true" signature="tearDownClass()[pri:0, instance:test.com.ascension.pageobject.PriceTransparencyPOTest@3cb1ffe6]" started-at="2023-05-23T17:24:12Z" name="tearDownClass" finished-at="2023-05-23T17:24:12Z" duration-ms="87" status="PASS">
          <reporter-output>
          </reporter-output>
        </test-method> <!-- tearDownClass -->
      </class> <!-- test.com.ascension.pageobject.PriceTransparencyPOTest -->
      <class name="test.com.ascension.PriceTransparencyInsTest">
        <test-method is-config="true" signature="setUpClass()[pri:0, instance:test.com.ascension.PriceTransparencyInsTest@2a742aa2]" started-at="2023-05-23T17:22:12Z" name="setUpClass" finished-at="2023-05-23T17:22:13Z" duration-ms="653" status="PASS">
          <reporter-output>
          </reporter-output>
        </test-method> <!-- setUpClass -->
        <test-method is-config="true" signature="setUpMethod()[pri:0, instance:test.com.ascension.PriceTransparencyInsTest@2a742aa2]" started-at="2023-05-23T17:22:13Z" name="setUpMethod" finished-at="2023-05-23T17:22:13Z" duration-ms="1" status="PASS">
          <reporter-output>
          </reporter-output>
        </test-method> <!-- setUpMethod -->
        <test-method signature="testAscensionHomepage()[pri:0, instance:test.com.ascension.PriceTransparencyInsTest@2a742aa2]" started-at="2023-05-23T17:22:13Z" name="testAscensionHomepage" finished-at="2023-05-23T17:23:41Z" duration-ms="88244" status="PASS">
          <reporter-output>
          </reporter-output>
        </test-method> <!-- testAscensionHomepage -->
        <test-method is-config="true" signature="tearDownClass()[pri:0, instance:test.com.ascension.PriceTransparencyInsTest@2a742aa2]" started-at="2023-05-23T17:23:41Z" name="tearDownClass" finished-at="2023-05-23T17:23:41Z" duration-ms="86" status="PASS">
          <reporter-output>
          </reporter-output>
        </test-method> <!-- tearDownClass -->
        <test-method is-config="true" signature="tearDownMethod()[pri:0, instance:test.com.ascension.PriceTransparencyInsTest@2a742aa2]" started-at="2023-05-23T17:23:41Z" name="tearDownMethod" finished-at="2023-05-23T17:23:41Z" duration-ms="0" status="PASS">
          <reporter-output>
          </reporter-output>
        </test-method> <!-- tearDownMethod -->
      </class> <!-- test.com.ascension.PriceTransparencyInsTest -->
      <class name="test.com.ascension.MakeADonationTest">
        <test-method is-config="true" signature="setUpClass()[pri:0, instance:test.com.ascension.MakeADonationTest@4d50efb8]" started-at="2023-05-23T17:21:09Z" name="setUpClass" finished-at="2023-05-23T17:21:10Z" duration-ms="658" status="PASS">
          <reporter-output>
          </reporter-output>
        </test-method> <!-- setUpClass -->
        <test-method signature="OpenBrowser()[pri:0, instance:test.com.ascension.MakeADonationTest@4d50efb8]" started-at="2023-05-23T17:21:10Z" name="OpenBrowser" finished-at="2023-05-23T17:22:12Z" duration-ms="62338" status="FAIL">
          <exception class="org.openqa.selenium.TimeoutException">
            <message>
              <![CDATA[Expected condition failed: waiting for visibility of element located by By.xpath: //*[@id="comp-l8ep9eh1"]/a/div/span[1] (tried for 20 second(s) with 500 milliseconds interval)
Build info: version: '3.141.59', revision: 'e82be7d358', time: '2018-11-14T08:17:03'
System info: host: 'Halleluyas-MacBook-Pro.local', ip: '2601:246:5900:8270:0:0:0:10f5%en0', os.name: 'Mac OS X', os.arch: 'aarch64', os.version: '13.3.1', java.version: '19.0.2'
Driver info: org.openqa.selenium.chrome.ChromeDriver
Capabilities {acceptInsecureCerts: false, browserName: chrome, browserVersion: 113.0.5672.126, chrome: {chromedriverVersion: 113.0.5672.63 (0e1a4471d5ae..., userDataDir: /var/folders/qd/9k8sr40n2mq...}, goog:chromeOptions: {debuggerAddress: localhost:55919}, javascriptEnabled: true, networkConnectionEnabled: false, pageLoadStrategy: normal, platform: MAC, platformName: MAC, proxy: Proxy(), setWindowRect: true, strictFileInteractability: false, timeouts: {implicit: 0, pageLoad: 300000, script: 30000}, unhandledPromptBehavior: dismiss and notify, webauthn:extension:credBlob: true, webauthn:extension:largeBlob: true, webauthn:extension:minPinLength: true, webauthn:extension:prf: true, webauthn:virtualAuthenticators: true}
Session ID: 8f4776393b312c3f5c444a493b614fa4]]>
            </message>
            <full-stacktrace>
              <![CDATA[org.openqa.selenium.TimeoutException: Expected condition failed: waiting for visibility of element located by By.xpath: //*[@id="comp-l8ep9eh1"]/a/div/span[1] (tried for 20 second(s) with 500 milliseconds interval)
Build info: version: '3.141.59', revision: 'e82be7d358', time: '2018-11-14T08:17:03'
System info: host: 'Halleluyas-MacBook-Pro.local', ip: '2601:246:5900:8270:0:0:0:10f5%en0', os.name: 'Mac OS X', os.arch: 'aarch64', os.version: '13.3.1', java.version: '19.0.2'
Driver info: org.openqa.selenium.chrome.ChromeDriver
Capabilities {acceptInsecureCerts: false, browserName: chrome, browserVersion: 113.0.5672.126, chrome: {chromedriverVersion: 113.0.5672.63 (0e1a4471d5ae..., userDataDir: /var/folders/qd/9k8sr40n2mq...}, goog:chromeOptions: {debuggerAddress: localhost:55919}, javascriptEnabled: true, networkConnectionEnabled: false, pageLoadStrategy: normal, platform: MAC, platformName: MAC, proxy: Proxy(), setWindowRect: true, strictFileInteractability: false, timeouts: {implicit: 0, pageLoad: 300000, script: 30000}, unhandledPromptBehavior: dismiss and notify, webauthn:extension:credBlob: true, webauthn:extension:largeBlob: true, webauthn:extension:minPinLength: true, webauthn:extension:prf: true, webauthn:virtualAuthenticators: true}
Session ID: 8f4776393b312c3f5c444a493b614fa4
	at org.openqa.selenium.support.ui.WebDriverWait.timeoutException(WebDriverWait.java:95)
	at org.openqa.selenium.support.ui.FluentWait.until(FluentWait.java:272)
	at test.com.ascension.MakeADonationTest.OpenBrowser(MakeADonationTest.java:96)
	at java.base/jdk.internal.reflect.DirectMethodHandleAccessor.invoke(DirectMethodHandleAccessor.java:104)
	at java.base/java.lang.reflect.Method.invoke(Method.java:578)
	at org.testng.internal.MethodInvocationHelper.invokeMethod(MethodInvocationHelper.java:84)
	at org.testng.internal.Invoker.invokeMethod(Invoker.java:714)
	at org.testng.internal.Invoker.invokeTestMethod(Invoker.java:901)
	at org.testng.internal.Invoker.invokeTestMethods(Invoker.java:1231)
	at org.testng.internal.TestMethodWorker.invokeTestMethods(TestMethodWorker.java:127)
	at org.testng.internal.TestMethodWorker.run(TestMethodWorker.java:111)
	at org.testng.TestRunner.privateRun(TestRunner.java:767)
	at org.testng.TestRunner.run(TestRunner.java:617)
	at org.testng.SuiteRunner.runTest(SuiteRunner.java:334)
	at org.testng.SuiteRunner.runSequentially(SuiteRunner.java:329)
	at org.testng.SuiteRunner.privateRun(SuiteRunner.java:291)
	at org.testng.SuiteRunner.run(SuiteRunner.java:240)
	at org.testng.SuiteRunnerWorker.runSuite(SuiteRunnerWorker.java:52)
	at org.testng.SuiteRunnerWorker.run(SuiteRunnerWorker.java:86)
	at org.testng.TestNG.runSuitesSequentially(TestNG.java:1224)
	at org.testng.TestNG.runSuitesLocally(TestNG.java:1149)
	at org.testng.TestNG.run(TestNG.java:1057)
	at org.apache.maven.surefire.testng.TestNGExecutor.run(TestNGExecutor.java:77)
	at org.apache.maven.surefire.testng.TestNGDirectoryTestSuite.executeMulti(TestNGDirectoryTestSuite.java:159)
	at org.apache.maven.surefire.testng.TestNGDirectoryTestSuite.execute(TestNGDirectoryTestSuite.java:99)
	at org.apache.maven.surefire.testng.TestNGProvider.invoke(TestNGProvider.java:106)
	at java.base/jdk.internal.reflect.DirectMethodHandleAccessor.invoke(DirectMethodHandleAccessor.java:104)
	at java.base/java.lang.reflect.Method.invoke(Method.java:578)
	at org.apache.maven.surefire.util.ReflectionUtils.invokeMethodWithArray(ReflectionUtils.java:189)
	at org.apache.maven.surefire.booter.ProviderFactory$ProviderProxy.invoke(ProviderFactory.java:165)
	at org.apache.maven.surefire.booter.ProviderFactory.invokeProvider(ProviderFactory.java:85)
	at org.apache.maven.surefire.booter.ForkedBooter.runSuitesInProcess(ForkedBooter.java:115)
	at org.apache.maven.surefire.booter.ForkedBooter.main(ForkedBooter.java:75)
]]>
            </full-stacktrace>
          </exception> <!-- org.openqa.selenium.TimeoutException -->
          <reporter-output>
          </reporter-output>
        </test-method> <!-- OpenBrowser -->
        <test-method is-config="true" signature="setUpMethod()[pri:0, instance:test.com.ascension.MakeADonationTest@4d50efb8]" started-at="2023-05-23T17:21:10Z" name="setUpMethod" finished-at="2023-05-23T17:21:10Z" duration-ms="0" status="PASS">
          <reporter-output>
          </reporter-output>
        </test-method> <!-- setUpMethod -->
        <test-method is-config="true" signature="tearDownMethod()[pri:0, instance:test.com.ascension.MakeADonationTest@4d50efb8]" started-at="2023-05-23T17:22:12Z" name="tearDownMethod" finished-at="2023-05-23T17:22:12Z" duration-ms="0" status="PASS">
          <reporter-output>
          </reporter-output>
        </test-method> <!-- tearDownMethod -->
        <test-method is-config="true" signature="tearDownClass()[pri:0, instance:test.com.ascension.MakeADonationTest@4d50efb8]" started-at="2023-05-23T17:22:12Z" name="tearDownClass" finished-at="2023-05-23T17:22:12Z" duration-ms="87" status="PASS">
          <reporter-output>
          </reporter-output>
        </test-method> <!-- tearDownClass -->
      </class> <!-- test.com.ascension.MakeADonationTest -->
    </test> <!-- Command line test -->
  </suite> <!-- Command line suite -->
</testng-results>
